

 Enter LSQR.       Least-squares solution of  Ax = b
 The matrix  A  has 137388 rows   and  87791 columns
 damp   =  0.00000000000000E+00   wantse =         F
 atol   =  5.00E-03               conlim =  6.71E+06
 btol   =  5.00E-03               itnlim =     30000

   Itn       x(1)           Function     Compatible   LS        Norm A    Cond A
     0  0.000000000E+00  9.766614783E-01  1.00E+00  7.45E+03
     1  0.000000000E+00  3.962856744E-01  4.06E-01  5.57E-01  7.96E+03  1.00E+00  5.3E+03
     2  0.000000000E+00  2.689335617E-01  2.75E-01  3.02E-01  1.02E+04  2.16E+00  3.1E+03
     3  0.000000000E+00  1.986698335E-01  2.03E-01  2.80E-01  1.15E+04  3.72E+00  2.0E+03
     4  0.000000000E+00  1.468623355E-01  1.50E-01  2.07E-01  1.30E+04  5.50E+00  1.4E+03
     5  0.000000000E+00  1.193724822E-01  1.22E-01  1.35E-01  1.41E+04  7.15E+00  1.2E+03
     6  0.000000000E+00  1.016394313E-01  1.04E-01  1.24E-01  1.48E+04  9.06E+00  9.5E+02
     7  0.000000000E+00  8.529723715E-02  8.73E-02  1.15E-01  1.54E+04  1.15E+01  7.7E+02
     8  0.000000000E+00  7.386545191E-02  7.56E-02  8.67E-02  1.61E+04  1.39E+01  6.6E+02
     9  0.000000000E+00  6.505702696E-02  6.66E-02  8.79E-02  1.65E+04  1.64E+01  5.7E+02
    10  0.000000000E+00  5.865411397E-02  6.01E-02  7.68E-02  1.71E+04  1.89E+01  5.1E+02
    11  0.000000000E+00  5.323353028E-02  5.45E-02  6.90E-02  1.76E+04  2.17E+01  4.5E+02
    12  0.000000000E+00  4.774523573E-02  4.89E-02  5.79E-02  1.80E+04  2.49E+01  4.0E+02
    13  0.000000000E+00  4.366539977E-02  4.47E-02  6.27E-02  1.83E+04  2.79E+01  3.6E+02
    14  0.000000000E+00  4.066682167E-02  4.16E-02  5.12E-02  1.87E+04  3.09E+01  3.3E+02
    15  0.000000000E+00  3.818262806E-02  3.91E-02  4.86E-02  1.91E+04  3.39E+01  3.1E+02
    16  0.000000000E+00  3.573384882E-02  3.66E-02  3.77E-02  1.94E+04  3.73E+01  2.9E+02
    17  0.000000000E+00  3.361317299E-02  3.44E-02  3.68E-02  1.97E+04  4.09E+01  2.7E+02
    18  0.000000000E+00  3.193800400E-02  3.27E-02  3.63E-02  1.99E+04  4.45E+01  2.5E+02
    19  0.000000000E+00  3.085400943E-02  3.16E-02  6.37E-02  2.02E+04  4.76E+01  2.4E+02
    20  0.000000000E+00  3.022581904E-02  3.09E-02  2.76E-02  2.17E+04  5.28E+01  2.3E+02

 Exit  LSQR.       istop  = 1               itn    =      20
 Exit  LSQR.       Anorm  = 2.17397E+04     Acond  = 5.27578E+01
 Exit  LSQR.       bnorm  = 9.76661E-01     xnorm  = 2.33855E-04
 Exit  LSQR.       rnorm  = 3.02258E-02     Arnorm = 1.81042E+01
 Exit  LSQR.       max dx = 1.1E-04 occurred at itn        1
 Exit  LSQR.              = 4.8E-01*xnorm
 Exit  LSQR.       A solution to Ax = b was found, given atol, btol     
