

 Enter LSQR.       Least-squares solution of  Ax = b
 The matrix  A  has  11640 rows   and  10200 columns
 damp   =  0.00000000000000E+00   wantse =         F
 atol   =  5.00E-03               conlim =  6.71E+06
 btol   =  5.00E-03               itnlim =     30000

   Itn       x(1)           Function     Compatible   LS        Norm A    Cond A
     0  0.000000000E+00  1.014155656E+00  1.00E+00  3.40E+03
     1  0.000000000E+00  6.108406113E-01  6.02E-01  5.49E-01  4.32E+03  1.00E+00  3.8E+03
     2  0.000000000E+00  2.575305799E-01  2.54E-01  3.14E-01  5.36E+03  2.54E+00  1.3E+03
     3  0.000000000E+00  1.063794740E-01  1.05E-01  2.75E-01  5.72E+03  4.24E+00  6.0E+02
     4  0.000000000E+00  6.472512802E-02  6.38E-02  2.65E-01  6.10E+03  5.60E+00  4.1E+02
     5  0.000000000E+00  4.959453757E-02  4.89E-02  1.62E-01  6.72E+03  6.96E+00  3.4E+02
     6  0.000000000E+00  3.600279039E-02  3.55E-02  1.11E-01  7.02E+03  8.96E+00  2.6E+02
     7  0.000000000E+00  3.301442567E-02  3.26E-02  7.25E-02  7.33E+03  1.03E+01  2.3E+02
     8  0.000000000E+00  3.015616411E-02  2.97E-02  9.96E-02  7.55E+03  1.28E+01  2.0E+02
     9  0.000000000E+00  2.854176530E-02  2.81E-02  6.34E-02  8.08E+03  1.52E+01  1.9E+02
    10  0.000000000E+00  2.653008333E-02  2.62E-02  5.10E-02  8.33E+03  1.83E+01  1.7E+02
    11  0.000000000E+00  2.463811707E-02  2.43E-02  6.31E-02  8.48E+03  2.20E+01  1.5E+02
    12  0.000000000E+00  2.321212207E-02  2.29E-02  2.56E-02  8.73E+03  2.54E+01  1.4E+02

 Exit  LSQR.       istop  = 1               itn    =      12
 Exit  LSQR.       Anorm  = 8.72947E+03     Acond  = 2.53755E+01
 Exit  LSQR.       bnorm  = 1.01416E+00     xnorm  = 4.29643E-04
 Exit  LSQR.       rnorm  = 2.32121E-02     Arnorm = 5.17984E+00
 Exit  LSQR.       max dx = 2.3E-04 occurred at itn        2
 Exit  LSQR.              = 5.3E-01*xnorm
 Exit  LSQR.       A solution to Ax = b was found, given atol, btol     
